# JRE version: OpenJDK Runtime Environment (11.0.12+7) (build 11.0.12+7-b1504.28-7817840)
# Java VM: OpenJDK 64-Bit Server VM (11.0.12+7-b1504.28-7817840, mixed mode, tiered, compressed oops, g1 gc, windows-amd64)
Heap:
 garbage-first heap   total 522240K, used 84698K [0x0000000080000000, 0x0000000100000000)
  region size 1024K, 65 young (66560K), 6 survivors (6144K)
 Metaspace       used 39822K, capacity 40721K, committed 40780K, reserved 1085440K
  class space    used 5084K, capacity 5393K, committed 5452K, reserved 1048576K
GC Heap History (8 events):
Event: 0.613 GC heap before
{Heap before GC invocations=0 (full 0):
 garbage-first heap   total 522240K, used 30720K [0x0000000080000000, 0x0000000100000000)
  region size 1024K, 25 young (25600K), 0 survivors (0K)
 Metaspace       used 10273K, capacity 10496K, committed 10624K, reserved 1058816K
  class space    used 1068K, capacity 1140K, committed 1152K, reserved 1048576K
}
Event: 0.616 GC heap after
{Heap after GC invocations=1 (full 0):
 garbage-first heap   total 522240K, used 9199K [0x0000000080000000, 0x0000000100000000)
  region size 1024K, 4 young (4096K), 4 survivors (4096K)
 Metaspace       used 10273K, capacity 10496K, committed 10624K, reserved 1058816K
  class space    used 1068K, capacity 1140K, committed 1152K, reserved 1048576K
}
Event: 1.807 GC heap before
{Heap before GC invocations=1 (full 0):
 garbage-first heap   total 522240K, used 112623K [0x0000000080000000, 0x0000000100000000)
  region size 1024K, 106 young (108544K), 4 survivors (4096K)
 Metaspace       used 20749K, capacity 21142K, committed 21248K, reserved 1067008K
  class space    used 2542K, capacity 2711K, committed 2816K, reserved 1048576K
}
Event: 1.813 GC heap after
{Heap after GC invocations=2 (full 0):
 garbage-first heap   total 522240K, used 16902K [0x0000000080000000, 0x0000000100000000)
  region size 1024K, 12 young (12288K), 12 survivors (12288K)
 Metaspace       used 20749K, capacity 21142K, committed 21248K, reserved 1067008K
  class space    used 2542K, capacity 2711K, committed 2816K, reserved 1048576K
}
Event: 2.075 GC heap before
{Heap before GC invocations=3 (full 0):
 garbage-first heap   total 522240K, used 64006K [0x0000000080000000, 0x0000000100000000)
  region size 1024K, 58 young (59392K), 12 survivors (12288K)
 Metaspace       used 25398K, capacity 25972K, committed 25984K, reserved 1071104K
  class space    used 3255K, capacity 3453K, committed 3456K, reserved 1048576K
}
Event: 2.079 GC heap after
{Heap after GC invocations=4 (full 0):
 garbage-first heap   total 522240K, used 19091K [0x0000000080000000, 0x0000000100000000)
  region size 1024K, 3 young (3072K), 3 survivors (3072K)
 Metaspace       used 25398K, capacity 25972K, committed 25984K, reserved 1071104K
  class space    used 3255K, capacity 3453K, committed 3456K, reserved 1048576K
}
Event: 2.644 GC heap before
{Heap before GC invocations=4 (full 0):
 garbage-first heap   total 522240K, used 86675K [0x0000000080000000, 0x0000000100000000)
  region size 1024K, 70 young (71680K), 3 survivors (3072K)
 Metaspace       used 35010K, capacity 35793K, committed 35840K, reserved 1081344K
  class space    used 4527K, capacity 4840K, committed 4864K, reserved 1048576K
}
Event: 2.649 GC heap after
{Heap after GC invocations=5 (full 0):
 garbage-first heap   total 522240K, used 22234K [0x0000000080000000, 0x0000000100000000)
  region size 1024K, 6 young (6144K), 6 survivors (6144K)
 Metaspace       used 35010K, capacity 35793K, committed 35840K, reserved 1081344K
  class space    used 4527K, capacity 4840K, committed 4864K, reserved 1048576K
}

